[94m[1m
[39m[0m[94m[1m================================================================================
[39m[0m[94m[1m EnsembleMD (0.4.6)                                                             
[39m[0m[94m[1m================================================================================
[39m[0m[94m[1m
[39m[0m[94mStarting Allocation[39m[0m[92m                                                           ok[39m[0m[94m
Verifying pattern[39m[0m[92m                                                             ok[39m[0m[94m
Starting pattern execution[39m[0m[92m                                                    ok[39m[0m[93m[1m
[39m[0m[93m[1m--------------------------------------------------------------------------------
[39m[0m[93m[1mExecuting simulation-analysis loop with 2 iterations on 96 allocated core(s) on 'epsrc.archer'
[39m[0m[93m[1m
[39m[0m[94mJob waiting on queue...[39m[0m[92m
Job is now running ![39m[0m[94m
Iteration 1: Waiting for 4 simulation tasks: custom.grompp to complete[39m[0m[92m      done[39m[0m[94m
Iteration 1: Waiting for 4 simulation tasks: custom.mdrun to complete[39m[0m[92m       done[39m[0m[94m
Iteration 1: Waiting for 4 simulation tasks: custom.trjconv to complete[39m[0m[92m     done[39m[0m[94m
Iteration 1: Waiting for 4 simulation tasks: custom.trjconv to complete[39m[0m[92m     done[39m[0m[94m
Iteration 1: Waiting for analysis tasks: custom.coco to complete[39m[0m[92m            done[39m[0m[94m
Iteration 2: Waiting for 4 simulation tasks: custom.grompp to complete[39m[0m[92m      done[39m[0m[94m
Iteration 2: Waiting for 4 simulation tasks: custom.mdrun to complete[39m[0m[92m       done[39m[0m[94m
Iteration 2: Waiting for 4 simulation tasks: custom.grompp to complete[39m[0m[92m      done[39m[0m[94m
Iteration 2: Waiting for 4 simulation tasks: custom.mdrun to complete[39m[0m[92m       done[39m[0m[94m
Iteration 2: Waiting for 4 simulation tasks: custom.grompp to complete[39m[0m[92m      done[39m[0m[94m
Iteration 2: Waiting for 4 simulation tasks: custom.mdrun to complete[39m[0m[92m       done[39m[0m[94m
Iteration 2: Waiting for 4 simulation tasks: custom.trjconv to complete[39m[0m[92m     done[39m[0m[94m
Iteration 2: Waiting for 4 simulation tasks: custom.trjconv to complete[39m[0m[92m     done[39m[0m[94m
Iteration 2: Waiting for analysis tasks: custom.coco to complete[39m[0m[92m            done[39m[0m[93m[1m
[39m[0m[93m[1m--------------------------------------------------------------------------------
[39m[0m[93m[1mPattern execution successfully finished                                         
[39m[0m[93m[1m
[39m[0m[94m
Starting Deallocation..
[39m[0m[94mResource allocation cancelled.[39m[0m[92m                                              done 
[39m[0m